0 1 sh sh 0
0 1 sh ch 1
0 1 sh jh 1
0 1 sh s 1
0 1 sh y 1
0 1 sh z 1
1 2 iy iy 0
1 2 iy ah 1
1 2 iy ih 1
1 2 iy t 1
2 3 hh hh 0
3 4 ae ae 0
3 4 ae d 1
4 5 d d 0
4 5 d t 1
5 6 y y 0
6 7 er er 0
6 7 er aa 1
6 7 er ah 1
6 7 er ih 1
6 7 er r 1
6 7 er uw 1
7 8 d d 0
7 8 d t 1
8 9 aa aa 0
8 9 aa ae 1
8 9 aa ah 1
8 9 aa aw 1
8 9 aa ay 1
8 9 aa r 1
8 9 aa uh 1
9 10 r r 0
9 10 r er 1
10 11 k k 0
11 12 s s 0
11 12 s z 1
12 13 uw uw 0
13 14 dx dx 0
13 14 dx d 1
13 14 dx t 1
14 15 ih ih 0
14 15 ih ae 1
14 15 ih ah 1
14 15 ih er 1
14 15 ih d 1
14 15 ih eh 1
14 15 ih ey 1
14 15 ih iy 1
14 15 ih t 1
14 15 ih uh 1
14 15 ih uw 1
15 16 ng ng 0
15 16 ng n 1
16 17 g g 0
17 18 r r 0
17 18 r er 1
18 19 iy iy 0
18 19 iy ah 1
18 19 iy ih 1
18 19 iy t 1
19 20 s s 0
19 20 s z 1
20 21 iy iy 0
20 21 iy ah 1
20 21 iy ih 1
20 21 iy t 1
21 22 w w 0
22 23 aa aa 0
22 23 aa ae 1
22 23 aa ah 1
22 23 aa aw 1
22 23 aa ay 1
22 23 aa r 1
22 23 aa uh 1
23 24 sh sh 0
23 24 sh ch 1
23 24 sh jh 1
23 24 sh s 1
23 24 sh y 1
23 24 sh z 1
24 25 w w 0
25 26 aa aa 0
25 26 aa ae 1
25 26 aa ah 1
25 26 aa aw 1
25 26 aa ay 1
25 26 aa r 1
25 26 aa uh 1
26 27 dx dx 0
26 27 dx d 1
26 27 dx t 1
27 28 er er 0
27 28 er aa 1
27 28 er ah 1
27 28 er ih 1
27 28 er r 1
27 28 er uw 1
28 29 aa aa 0
28 29 aa ae 1
28 29 aa ah 1
28 29 aa aw 1
28 29 aa ay 1
28 29 aa r 1
28 29 aa uh 1
29 30 l l 0
30 31 y y 0
31 32 iy iy 0
31 32 iy ah 1
31 32 iy ih 1
31 32 iy t 1
32 33 er er 0
32 33 er aa 1
32 33 er ah 1
32 33 er ih 1
32 33 er r 1
32 33 er uw 1
